
----------------------------------------------------------------------------
--                            Design Analysis                             --
----------------------------------------------------------------------------
Analyze pcore axi_fx2 ...


----------------------------------------------------------------------------
--                            Design Analysis                             --
----------------------------------------------------------------------------
Analyze pcore axi_fx2 ...


----------------------------------------------------------------------------
--                            File Generation                             --
----------------------------------------------------------------------------
Creating HDL source directory ...
Generating top peripheral VHDL template ...
Generating stub user logic VHDL template ...
HDL templates successfully generated ...
Creating data directory ...
Generating XPS inteface files ...
Compiling vhdl file
"C:/Xilinx/13.2/ISE_DS/EDK/hw/XilinxProcessorIPLib/pcores/proc_common_v3_00_a/hd
l/vhdl/proc_common_pkg.vhd" in Library proc_common_v3_00_a.
Package <proc_common_pkg> compiled.
Package body <proc_common_pkg> compiled.
Compiling vhdl file
"C:/Xilinx/13.2/ISE_DS/EDK/hw/XilinxProcessorIPLib/pcores/proc_common_v3_00_a/hd
l/vhdl/family_support.vhd" in Library proc_common_v3_00_a.
Package <family_support> compiled.
Package body <family_support> compiled.
Compiling vhdl file
"C:/Xilinx/13.2/ISE_DS/EDK/hw/XilinxProcessorIPLib/pcores/proc_common_v3_00_a/hd
l/vhdl/or_muxcy.vhd" in Library proc_common_v3_00_a.
Entity <or_muxcy> compiled.
Entity <or_muxcy> (Architecture <implementation>) compiled.
Compiling vhdl file
"C:/Xilinx/13.2/ISE_DS/EDK/hw/XilinxProcessorIPLib/pcores/proc_common_v3_00_a/hd
l/vhdl/or_gate128.vhd" in Library proc_common_v3_00_a.
Entity <or_gate128> compiled.
Entity <or_gate128> (Architecture <imp>) compiled.
Compiling vhdl file
"C:/Xilinx/13.2/ISE_DS/EDK/hw/XilinxProcessorIPLib/pcores/proc_common_v3_00_a/hd
l/vhdl/counter_f.vhd" in Library proc_common_v3_00_a.
Entity <counter_f> compiled.
Entity <counter_f> (Architecture <imp>) compiled.
Compiling vhdl file
"C:/Xilinx/13.2/ISE_DS/EDK/hw/XilinxProcessorIPLib/pcores/proc_common_v3_00_a/hd
l/vhdl/soft_reset.vhd" in Library proc_common_v3_00_a.
Entity <soft_reset> compiled.
Entity <soft_reset> (Architecture <implementation>) compiled.
Compiling vhdl file
"C:/Xilinx/13.2/ISE_DS/EDK/hw/XilinxProcessorIPLib/pcores/proc_common_v3_00_a/hd
l/vhdl/pselect_f.vhd" in Library proc_common_v3_00_a.
Entity <pselect_f> compiled.
Entity <pselect_f> (Architecture <imp>) compiled.
Compiling vhdl file
"C:/Xilinx/13.2/ISE_DS/EDK/hw/XilinxProcessorIPLib/pcores/proc_common_v3_00_a/hd
l/vhdl/ipif_pkg.vhd" in Library proc_common_v3_00_a.
Package <ipif_pkg> compiled.
Package body <ipif_pkg> compiled.
Compiling vhdl file
"C:/Xilinx/13.2/ISE_DS/EDK/hw/XilinxProcessorIPLib/pcores/axi_lite_ipif_v1_01_a/
hdl/vhdl/address_decoder.vhd" in Library axi_lite_ipif_v1_01_a.
Entity <address_decoder> compiled.
Entity <address_decoder> (Architecture <IMP>) compiled.
Compiling vhdl file
"C:/Xilinx/13.2/ISE_DS/EDK/hw/XilinxProcessorIPLib/pcores/axi_lite_ipif_v1_01_a/
hdl/vhdl/slave_attachment.vhd" in Library axi_lite_ipif_v1_01_a.
Entity <slave_attachment> compiled.
Entity <slave_attachment> (Architecture <imp>) compiled.
Compiling vhdl file
"C:/Xilinx/13.2/ISE_DS/EDK/hw/XilinxProcessorIPLib/pcores/axi_lite_ipif_v1_01_a/
hdl/vhdl/axi_lite_ipif.vhd" in Library axi_lite_ipif_v1_01_a.
Entity <axi_lite_ipif> compiled.
Entity <axi_lite_ipif> (Architecture <imp>) compiled.
Compiling vhdl file
"C:/Projects/Trenz/repos/TE063X-Reference-Designs/axi-TE0630/pcores/axi_fx2_v1_0
0_a/data/../hdl/vhdl/user_logic.vhd" in Library axi_fx2_v1_00_a.
Entity <user_logic> compiled.
Entity <user_logic> (Architecture <IMP>) compiled.
Compiling vhdl file
"C:/Projects/Trenz/repos/TE063X-Reference-Designs/axi-TE0630/pcores/axi_fx2_v1_0
0_a/data/../hdl/vhdl/axi_fx2.vhd" in Library axi_fx2_v1_00_a.
Entity <axi_fx2> compiled.
Entity <axi_fx2> (Architecture <IMP>) compiled.


Analyzing HDL attributes ...
Entity name = axi_fx2
INFO:EDK:1607 - IPTYPE set to value : PERIPHERAL
INFO:EDK:1511 - IMP_NETLIST set to value : TRUE
INFO:EDK:1486 - HDL set to value : VHDL
WARNING:EDK:3588 - Unable to delete temporary XST project file
   C:\Projects\Trenz\repos\TE063X-Reference-Designs\axi-TE0630\pcores\axi_fx2_v1
   _00_a\data\_axi_fx2_xst.prj : 13
XPS interface files successfully generated ...
Creating development directory ...
Generating command option file ...
Generating readme file ...
Development misc files successfully generated ...
No ProjNavigator support files will be generated at this time ...
No XST synthesis support files will be generated at this time ...
Creating BFM simulation XPS project directory ...
Creating BFM simulation pcores directory ...
Generating BFM simulation testbench pcore ...
Generating BFM simulation platform hardware description file (.mhs) ...
BFM simulation test platform successfully generated ...
Creating BFM simulation scripts directory ...
Generating BFM simulation script files ...
BFM simulation testbench file (bfm_system_tb.v) successfully generated ...
Generating other BFM simulation project files ...
BFM simulation README file successfully generated ...
BFM simulation XPS project file successfully generated ...
BFM simulation files successfully generated ...
Creating software driver data directory ...
Generating software driver XPS interface (mdd/tcl) files ...
Software driver data definition file (.mdd) successfully generated ...
Software driver data generation file (.tcl) successfully generated ...
Creating software driver src directory ...
Generating software driver template files ...
Software driver compile file (Makefile) successfully generated ...
output user slave register(s) offset to software driver header ...
output software reset offset to software driver header ...
Software driver header file (.h) successfully generated ...
Software driver source file (.c) successfully generated ...
Software driver SelfTest file (.c) successfully generated ...
Software driver template files successfully generated ...

----------------------------------------------------------------------------
--                              Final Report                              --
----------------------------------------------------------------------------
Thank you for using Create and Import Peripheral Wizard! Please find your
peripheral hardware templates under
C:\Projects\Trenz\repos\TE063X-Reference-Designs\axi-TE0630/pcores/axi_fx2_v1_00
_a and peripheral software templates under
C:\Projects\Trenz\repos\TE063X-Reference-Designs\axi-TE0630/drivers/axi_fx2_v1_0
0_a respectively.

Peripheral Summary:

  top name       : axi_fx2
  version        : 1.00.a
  type           : AXI4LITE slave
  features       : slave attachment
                   mir/rst register
                   user s/w registers

Address Block Summary:

  user logic slv : C_BASEADDR + 0x00000000
                 : C_BASEADDR + 0x000000FF
  soft reset     : C_BASEADDR + 0x00000100
                 : C_BASEADDR + 0x000001FF

File Summary

  - HDL source -
C:\Projects\Trenz\repos\TE063X-Reference-Designs\axi-TE0630/pcores/axi_fx2_v1_00
_a/hdl
  top entity     : vhdl/axi_fx2.vhd
  user logic     : vhdl/user_logic.vhd

  - XPS interface -
C:\Projects\Trenz\repos\TE063X-Reference-Designs\axi-TE0630/pcores/axi_fx2_v1_00
_a/data
  mpd            : axi_fx2_v2_1_0.mpd
  pao            : axi_fx2_v2_1_0.pao

  - BFM simulation project -
C:\Projects\Trenz\repos\TE063X-Reference-Designs\axi-TE0630/pcores/axi_fx2_v1_00
_a/devl/bfmsim
  bfm sim help   : README.txt
  bfm platform   : bfm_system.mhs
  xps project    : bfm_system.xmp
  bfm testbench template: scripts/bfm_system_tb.v

  - Misc file -
C:\Projects\Trenz\repos\TE063X-Reference-Designs\axi-TE0630/pcores/axi_fx2_v1_00
_a/devl
  help           : README.txt
  option         : ipwiz.opt
  log            : ipwiz.log

  - Driver source -
C:\Projects\Trenz\repos\TE063X-Reference-Designs\axi-TE0630/drivers/axi_fx2_v1_0
0_a/src
  makefile       : Makefile
  header         : axi_fx2.h
  source         : axi_fx2.c
  selftest       : axi_fx2_selftest.c

  - Driver interface -
C:\Projects\Trenz\repos\TE063X-Reference-Designs\axi-TE0630/drivers/axi_fx2_v1_0
0_a/data
  mdd            : axi_fx2_v2_1_0.mdd
  tcl            : axi_fx2_v2_1_0.tcl


